android-wrapper/app/build/intermediates/manifest_merge_blame_file/release/processReleaseMainManifest/manifest-merger-blame-release-report.txt
1<?xml version="1.0" encoding="utf-8"?>
2<manifest xmlns:android="http://schemas.android.com/apk/res/android"
3    package="moe.honoka.wrapper"
4    android:versionCode="1"
5    android:versionName="1.0" >
6
7    <uses-sdk
8        android:minSdkVersion="23"
9        android:targetSdkVersion="35" />
10
11    <uses-permission android:name="android.permission.INTERNET" />
11-->src\main\AndroidManifest.xml:4:5-67
11-->src\main\AndroidManifest.xml:4:22-64
12    <uses-permission android:name="android.permission.FOREGROUND_SERVICE" />
12-->src\main\AndroidManifest.xml:5:5-77
12-->src\main\AndroidManifest.xml:5:22-74
13    <uses-permission android:name="android.permission.FOREGROUND_SERVICE_SPECIAL_USE" />
13-->src\main\AndroidManifest.xml:6:5-89
13-->src\main\AndroidManifest.xml:6:22-86
14    <uses-permission android:name="android.permission.POST_NOTIFICATIONS" />
14-->src\main\AndroidManifest.xml:7:5-77
14-->src\main\AndroidManifest.xml:7:22-74
15    <uses-permission
15-->src\main\AndroidManifest.xml:8:5-107
16        android:name="android.permission.READ_EXTERNAL_STORAGE"
16-->src\main\AndroidManifest.xml:8:22-77
17        android:maxSdkVersion="32" />
17-->src\main\AndroidManifest.xml:8:78-104
18    <uses-permission
18-->src\main\AndroidManifest.xml:9:5-108
19        android:name="android.permission.WRITE_EXTERNAL_STORAGE"
19-->src\main\AndroidManifest.xml:9:22-78
20        android:maxSdkVersion="28" />
20-->src\main\AndroidManifest.xml:9:79-105
21    <uses-permission android:name="android.permission.WAKE_LOCK" />
21-->src\main\AndroidManifest.xml:10:5-68
21-->src\main\AndroidManifest.xml:10:22-65
22    <uses-permission android:name="android.permission.REQUEST_IGNORE_BATTERY_OPTIMIZATIONS" />
22-->src\main\AndroidManifest.xml:11:5-95
22-->src\main\AndroidManifest.xml:11:22-92
23    <uses-permission android:name="android.permission.RECEIVE_BOOT_COMPLETED" />
23-->src\main\AndroidManifest.xml:12:5-81
23-->src\main\AndroidManifest.xml:12:22-78
24
25    <!--
26         Required for the symlink-to-public-folder route. This is suitable for
27         sideloaded/private builds. Google Play may reject broad file access unless
28         the app fits the policy category.
29    -->
30    <uses-permission android:name="android.permission.MANAGE_EXTERNAL_STORAGE" />
30-->src\main\AndroidManifest.xml:17:5-19:40
30-->src\main\AndroidManifest.xml:18:9-66
31
32    <permission
32-->[androidx.core:core:1.13.0] AndroidManifest.xml:22:5-24:47
33        android:name="moe.honoka.wrapper.DYNAMIC_RECEIVER_NOT_EXPORTED_PERMISSION"
33-->[androidx.core:core:1.13.0] AndroidManifest.xml:23:9-81
34        android:protectionLevel="signature" />
34-->[androidx.core:core:1.13.0] AndroidManifest.xml:24:9-44
35
36    <uses-permission android:name="moe.honoka.wrapper.DYNAMIC_RECEIVER_NOT_EXPORTED_PERMISSION" />
36-->[androidx.core:core:1.13.0] AndroidManifest.xml:26:5-97
36-->[androidx.core:core:1.13.0] AndroidManifest.xml:26:22-94
37
38    <application
38-->src\main\AndroidManifest.xml:21:5-64:19
39        android:allowBackup="false"
39-->src\main\AndroidManifest.xml:26:9-36
40        android:appComponentFactory="androidx.core.app.CoreComponentFactory"
40-->[androidx.core:core:1.13.0] AndroidManifest.xml:28:18-86
41        android:extractNativeLibs="true"
42        android:icon="@mipmap/ic_launcher"
42-->src\main\AndroidManifest.xml:24:9-43
43        android:label="Honoka Server"
43-->src\main\AndroidManifest.xml:23:9-38
44        android:roundIcon="@mipmap/ic_launcher_round"
44-->src\main\AndroidManifest.xml:25:9-54
45        android:theme="@style/AppTheme"
45-->src\main\AndroidManifest.xml:22:9-40
46        android:usesCleartextTraffic="true" >
46-->src\main\AndroidManifest.xml:27:9-44
47        <activity
47-->src\main\AndroidManifest.xml:29:9-31:40
48            android:name="moe.honoka.wrapper.ConfigActivity"
48-->src\main\AndroidManifest.xml:30:13-43
49            android:exported="false" />
49-->src\main\AndroidManifest.xml:31:13-37
50        <activity
50-->src\main\AndroidManifest.xml:33:9-35:40
51            android:name="moe.honoka.wrapper.DirectoryPickerActivity"
51-->src\main\AndroidManifest.xml:34:13-52
52            android:exported="false" />
52-->src\main\AndroidManifest.xml:35:13-37
53        <activity
53-->src\main\AndroidManifest.xml:37:9-44:20
54            android:name="moe.honoka.wrapper.MainActivity"
54-->src\main\AndroidManifest.xml:38:13-41
55            android:exported="true" >
55-->src\main\AndroidManifest.xml:39:13-36
56            <intent-filter>
56-->src\main\AndroidManifest.xml:40:13-43:29
57                <action android:name="android.intent.action.MAIN" />
57-->src\main\AndroidManifest.xml:41:17-69
57-->src\main\AndroidManifest.xml:41:25-66
58
59                <category android:name="android.intent.category.LAUNCHER" />
59-->src\main\AndroidManifest.xml:42:17-77
59-->src\main\AndroidManifest.xml:42:27-74
60            </intent-filter>
61        </activity>
62
63        <service
63-->src\main\AndroidManifest.xml:46:9-53:19
64            android:name="moe.honoka.wrapper.ServerService"
64-->src\main\AndroidManifest.xml:47:13-42
65            android:exported="false"
65-->src\main\AndroidManifest.xml:48:13-37
66            android:foregroundServiceType="specialUse" >
66-->src\main\AndroidManifest.xml:49:13-55
67            <property
67-->src\main\AndroidManifest.xml:50:13-52:91
68                android:name="android.app.PROPERTY_SPECIAL_USE_FGS_SUBTYPE"
68-->src\main\AndroidManifest.xml:51:17-76
69                android:value="Local HTTP server for user-selected offline asset files" />
69-->src\main\AndroidManifest.xml:52:17-88
70        </service>
71
72        <receiver
72-->src\main\AndroidManifest.xml:55:9-62:20
73            android:name="moe.honoka.wrapper.BootReceiver"
73-->src\main\AndroidManifest.xml:56:13-41
74            android:enabled="true"
74-->src\main\AndroidManifest.xml:57:13-35
75            android:exported="false" >
75-->src\main\AndroidManifest.xml:58:13-37
76            <intent-filter>
76-->src\main\AndroidManifest.xml:59:13-61:29
77                <action android:name="android.intent.action.BOOT_COMPLETED" />
77-->src\main\AndroidManifest.xml:60:17-79
77-->src\main\AndroidManifest.xml:60:25-76
78            </intent-filter>
79        </receiver>
80
81        <provider
81-->[androidx.emoji2:emoji2:1.2.0] AndroidManifest.xml:24:9-32:20
82            android:name="androidx.startup.InitializationProvider"
82-->[androidx.emoji2:emoji2:1.2.0] AndroidManifest.xml:25:13-67
83            android:authorities="moe.honoka.wrapper.androidx-startup"
83-->[androidx.emoji2:emoji2:1.2.0] AndroidManifest.xml:26:13-68
84            android:exported="false" >
84-->[androidx.emoji2:emoji2:1.2.0] AndroidManifest.xml:27:13-37
85            <meta-data
85-->[androidx.emoji2:emoji2:1.2.0] AndroidManifest.xml:29:13-31:52
86                android:name="androidx.emoji2.text.EmojiCompatInitializer"
86-->[androidx.emoji2:emoji2:1.2.0] AndroidManifest.xml:30:17-75
87                android:value="androidx.startup" />
87-->[androidx.emoji2:emoji2:1.2.0] AndroidManifest.xml:31:17-49
88            <meta-data
88-->[androidx.lifecycle:lifecycle-process:2.6.2] AndroidManifest.xml:29:13-31:52
89                android:name="androidx.lifecycle.ProcessLifecycleInitializer"
89-->[androidx.lifecycle:lifecycle-process:2.6.2] AndroidManifest.xml:30:17-78
90                android:value="androidx.startup" />
90-->[androidx.lifecycle:lifecycle-process:2.6.2] AndroidManifest.xml:31:17-49
91            <meta-data
91-->[androidx.profileinstaller:profileinstaller:1.3.0] AndroidManifest.xml:29:13-31:52
92                android:name="androidx.profileinstaller.ProfileInstallerInitializer"
92-->[androidx.profileinstaller:profileinstaller:1.3.0] AndroidManifest.xml:30:17-85
93                android:value="androidx.startup" />
93-->[androidx.profileinstaller:profileinstaller:1.3.0] AndroidManifest.xml:31:17-49
94        </provider>
95
96        <receiver
96-->[androidx.profileinstaller:profileinstaller:1.3.0] AndroidManifest.xml:34:9-52:20
97            android:name="androidx.profileinstaller.ProfileInstallReceiver"
97-->[androidx.profileinstaller:profileinstaller:1.3.0] AndroidManifest.xml:35:13-76
98            android:directBootAware="false"
98-->[androidx.profileinstaller:profileinstaller:1.3.0] AndroidManifest.xml:36:13-44
99            android:enabled="true"
99-->[androidx.profileinstaller:profileinstaller:1.3.0] AndroidManifest.xml:37:13-35
100            android:exported="true"
100-->[androidx.profileinstaller:profileinstaller:1.3.0] AndroidManifest.xml:38:13-36
101            android:permission="android.permission.DUMP" >
101-->[androidx.profileinstaller:profileinstaller:1.3.0] AndroidManifest.xml:39:13-57
102            <intent-filter>
102-->[androidx.profileinstaller:profileinstaller:1.3.0] AndroidManifest.xml:40:13-42:29
103                <action android:name="androidx.profileinstaller.action.INSTALL_PROFILE" />
103-->[androidx.profileinstaller:profileinstaller:1.3.0] AndroidManifest.xml:41:17-91
103-->[androidx.profileinstaller:profileinstaller:1.3.0] AndroidManifest.xml:41:25-88
104            </intent-filter>
105            <intent-filter>
105-->[androidx.profileinstaller:profileinstaller:1.3.0] AndroidManifest.xml:43:13-45:29
106                <action android:name="androidx.profileinstaller.action.SKIP_FILE" />
106-->[androidx.profileinstaller:profileinstaller:1.3.0] AndroidManifest.xml:44:17-85
106-->[androidx.profileinstaller:profileinstaller:1.3.0] AndroidManifest.xml:44:25-82
107            </intent-filter>
108            <intent-filter>
108-->[androidx.profileinstaller:profileinstaller:1.3.0] AndroidManifest.xml:46:13-48:29
109                <action android:name="androidx.profileinstaller.action.SAVE_PROFILE" />
109-->[androidx.profileinstaller:profileinstaller:1.3.0] AndroidManifest.xml:47:17-88
109-->[androidx.profileinstaller:profileinstaller:1.3.0] AndroidManifest.xml:47:25-85
110            </intent-filter>
111            <intent-filter>
111-->[androidx.profileinstaller:profileinstaller:1.3.0] AndroidManifest.xml:49:13-51:29
112                <action android:name="androidx.profileinstaller.action.BENCHMARK_OPERATION" />
112-->[androidx.profileinstaller:profileinstaller:1.3.0] AndroidManifest.xml:50:17-95
112-->[androidx.profileinstaller:profileinstaller:1.3.0] AndroidManifest.xml:50:25-92
113            </intent-filter>
114        </receiver>
115    </application>
116
117</manifest>